<?xml version="1.0" encoding="UTF-8"?>
<!-- Generated by org.testng.reporters.JUnitXMLReporter -->
<testsuite ignored="0" hostname="lcs-MacBook-Pro" failures="0" tests="5" name="Default test" time="121.143" errors="0" timestamp="2023-04-27T21:22:57 AEST">
  <testcase classname="login.LoginTest" name="testFailed" time="1.832"/>
  <testcase classname="login.LoginTest" name="testFailedLogin" time="3.114"/>
  <testcase classname="login.LoginTest" name="testFailedWithOutEmail" time="2.34"/>
  <testcase classname="login.LoginTest" name="testFailedWithOutPassword" time="2.691"/>
  <testcase classname="login.LoginTest" name="testSuccessfulLogin" time="3.108"/>
</testsuite> <!-- Default test -->
