<?xml version="1.0" encoding="UTF-8"?>
<testng-results ignored="0" total="5" passed="5" failed="0" skipped="0">
  <reporter-output>
  </reporter-output>
  <suite started-at="2023-04-27T21:20:56 AEST" name="Default suite" finished-at="2023-04-27T21:22:57 AEST" duration-ms="121143">
    <groups>
    </groups>
    <test started-at="2023-04-27T21:20:56 AEST" name="Default test" finished-at="2023-04-27T21:22:57 AEST" duration-ms="121143">
      <class name="login.LoginTest">
        <test-method is-config="true" signature="setCapabilities()[pri:0, instance:login.LoginTest@210ab13f]" started-at="2023-04-27T21:20:56 AEST" name="setCapabilities" finished-at="2023-04-27T21:20:56 AEST" duration-ms="6" status="PASS">
          <reporter-output>
          </reporter-output>
        </test-method> <!-- setCapabilities -->
        <test-method is-config="true" signature="setUpDriver()[pri:0, instance:login.LoginTest@210ab13f]" started-at="2023-04-27T21:20:56 AEST" name="setUpDriver" finished-at="2023-04-27T21:21:18 AEST" duration-ms="21683" status="PASS">
          <reporter-output>
          </reporter-output>
        </test-method> <!-- setUpDriver -->
        <test-method signature="testFailed()[pri:0, instance:login.LoginTest@210ab13f]" started-at="2023-04-27T21:21:18 AEST" name="testFailed" description="Verify failed login with out email and password" finished-at="2023-04-27T21:21:19 AEST" duration-ms="1832" status="PASS">
          <reporter-output>
          </reporter-output>
        </test-method> <!-- testFailed -->
        <test-method is-config="true" signature="setUpDriver()[pri:0, instance:login.LoginTest@210ab13f]" started-at="2023-04-27T21:21:19 AEST" name="setUpDriver" finished-at="2023-04-27T21:21:40 AEST" duration-ms="21051" status="PASS">
          <reporter-output>
          </reporter-output>
        </test-method> <!-- setUpDriver -->
        <test-method signature="testFailedLogin()[pri:0, instance:login.LoginTest@210ab13f]" started-at="2023-04-27T21:21:40 AEST" name="testFailedLogin" description="Verify failed login" finished-at="2023-04-27T21:21:44 AEST" duration-ms="3114" status="PASS">
          <reporter-output>
          </reporter-output>
        </test-method> <!-- testFailedLogin -->
        <test-method is-config="true" signature="setUpDriver()[pri:0, instance:login.LoginTest@210ab13f]" started-at="2023-04-27T21:21:44 AEST" name="setUpDriver" finished-at="2023-04-27T21:22:05 AEST" duration-ms="21043" status="PASS">
          <reporter-output>
          </reporter-output>
        </test-method> <!-- setUpDriver -->
        <test-method signature="testFailedWithOutEmail()[pri:0, instance:login.LoginTest@210ab13f]" started-at="2023-04-27T21:22:05 AEST" name="testFailedWithOutEmail" description="Verify failed login with out email" finished-at="2023-04-27T21:22:07 AEST" duration-ms="2340" status="PASS">
          <reporter-output>
          </reporter-output>
        </test-method> <!-- testFailedWithOutEmail -->
        <test-method is-config="true" signature="setUpDriver()[pri:0, instance:login.LoginTest@210ab13f]" started-at="2023-04-27T21:22:07 AEST" name="setUpDriver" finished-at="2023-04-27T21:22:28 AEST" duration-ms="21063" status="PASS">
          <reporter-output>
          </reporter-output>
        </test-method> <!-- setUpDriver -->
        <test-method signature="testFailedWithOutPassword()[pri:0, instance:login.LoginTest@210ab13f]" started-at="2023-04-27T21:22:28 AEST" name="testFailedWithOutPassword" description="Verify failed login with out password" finished-at="2023-04-27T21:22:31 AEST" duration-ms="2691" status="PASS">
          <reporter-output>
          </reporter-output>
        </test-method> <!-- testFailedWithOutPassword -->
        <test-method is-config="true" signature="setUpDriver()[pri:0, instance:login.LoginTest@210ab13f]" started-at="2023-04-27T21:22:31 AEST" name="setUpDriver" finished-at="2023-04-27T21:22:54 AEST" duration-ms="23192" status="PASS">
          <reporter-output>
          </reporter-output>
        </test-method> <!-- setUpDriver -->
        <test-method signature="testSuccessfulLogin()[pri:0, instance:login.LoginTest@210ab13f]" started-at="2023-04-27T21:22:54 AEST" name="testSuccessfulLogin" description="Verify successful login" finished-at="2023-04-27T21:22:57 AEST" duration-ms="3108" status="PASS">
          <reporter-output>
          </reporter-output>
        </test-method> <!-- testSuccessfulLogin -->
        <test-method is-config="true" signature="stopDriver()[pri:0, instance:login.LoginTest@210ab13f]" started-at="2023-04-27T21:22:57 AEST" name="stopDriver" finished-at="2023-04-27T21:22:58 AEST" duration-ms="607" status="PASS">
          <reporter-output>
          </reporter-output>
        </test-method> <!-- stopDriver -->
      </class> <!-- login.LoginTest -->
    </test> <!-- Default test -->
  </suite> <!-- Default suite -->
</testng-results>
